execve("./hello", ["./hello"], 0x7ffdef623978 /* 68 vars */) = 0 <0.000679>
brk(NULL)                               = 0x55b7360fa000 <0.000032>
arch_prctl(0x3001 /* ARCH_??? */, 0x7ffe9565a8f0) = -1 EINVAL (无效的参数) <0.000038>
mmap(NULL, 8192, PROT_READ|PROT_WRITE, MAP_PRIVATE|MAP_ANONYMOUS, -1, 0) = 0x7f127b112000 <0.000158>
access("/etc/ld.so.preload", R_OK)      = -1 ENOENT (没有那个文件或目录) <0.000082>
openat(AT_FDCWD, "/etc/ld.so.cache", O_RDONLY|O_CLOEXEC) = 3 <0.000127>
newfstatat(3, "", {st_mode=S_IFREG|0644, st_size=117243, ...}, AT_EMPTY_PATH) = 0 <0.000098>
mmap(NULL, 117243, PROT_READ, MAP_PRIVATE, 3, 0) = 0x7f127b0f5000 <0.000079>
close(3)                                = 0 <0.000227>
openat(AT_FDCWD, "/lib/x86_64-linux-gnu/libc.so.6", O_RDONLY|O_CLOEXEC) = 3 <0.000079>
read(3, "\177ELF\2\1\1\3\0\0\0\0\0\0\0\0\3\0>\0\1\0\0\0P\237\2\0\0\0\0\0"..., 832) = 832 <0.000041>
pread64(3, "\6\0\0\0\4\0\0\0@\0\0\0\0\0\0\0@\0\0\0\0\0\0\0@\0\0\0\0\0\0\0"..., 784, 64) = 784 <0.000035>
pread64(3, "\4\0\0\0 \0\0\0\5\0\0\0GNU\0\2\0\0\300\4\0\0\0\3\0\0\0\0\0\0\0"..., 48, 848) = 48 <0.000035>
pread64(3, "\4\0\0\0\24\0\0\0\3\0\0\0GNU\0i8\235HZ\227\223\333\350s\360\352,\223\340."..., 68, 896) = 68 <0.000034>
newfstatat(3, "", {st_mode=S_IFREG|0644, st_size=2216304, ...}, AT_EMPTY_PATH) = 0 <0.000041>
pread64(3, "\6\0\0\0\4\0\0\0@\0\0\0\0\0\0\0@\0\0\0\0\0\0\0@\0\0\0\0\0\0\0"..., 784, 64) = 784 <0.000034>
mmap(NULL, 2260560, PROT_READ, MAP_PRIVATE|MAP_DENYWRITE, 3, 0) = 0x7f127aecd000 <0.000048>
mmap(0x7f127aef5000, 1658880, PROT_READ|PROT_EXEC, MAP_PRIVATE|MAP_FIXED|MAP_DENYWRITE, 3, 0x28000) = 0x7f127aef5000 <0.000076>
mmap(0x7f127b08a000, 360448, PROT_READ, MAP_PRIVATE|MAP_FIXED|MAP_DENYWRITE, 3, 0x1bd000) = 0x7f127b08a000 <0.000053>
mmap(0x7f127b0e2000, 24576, PROT_READ|PROT_WRITE, MAP_PRIVATE|MAP_FIXED|MAP_DENYWRITE, 3, 0x214000) = 0x7f127b0e2000 <0.000053>
mmap(0x7f127b0e8000, 52816, PROT_READ|PROT_WRITE, MAP_PRIVATE|MAP_FIXED|MAP_ANONYMOUS, -1, 0) = 0x7f127b0e8000 <0.000067>
close(3)                                = 0 <0.000030>
mmap(NULL, 12288, PROT_READ|PROT_WRITE, MAP_PRIVATE|MAP_ANONYMOUS, -1, 0) = 0x7f127aeca000 <0.000035>
arch_prctl(ARCH_SET_FS, 0x7f127aeca740) = 0 <0.000029>
set_tid_address(0x7f127aecaa10)         = 388127 <0.000029>
set_robust_list(0x7f127aecaa20, 24)     = 0 <0.000053>
rseq(0x7f127aecb0e0, 0x20, 0, 0x53053053) = 0 <0.000043>
mprotect(0x7f127b0e2000, 16384, PROT_READ) = 0 <0.000066>
mprotect(0x55b735b38000, 4096, PROT_READ) = 0 <0.000050>
mprotect(0x7f127b14c000, 8192, PROT_READ) = 0 <0.000055>
prlimit64(0, RLIMIT_STACK, NULL, {rlim_cur=8192*1024, rlim_max=RLIM64_INFINITY}) = 0 <0.000039>
munmap(0x7f127b0f5000, 117243)          = 0 <0.000110>
newfstatat(1, "", {st_mode=S_IFCHR|0620, st_rdev=makedev(0x88, 0x1), ...}, AT_EMPTY_PATH) = 0 <0.000049>
getrandom("\x83\x02\x65\x68\xdd\xc4\x51\x68", 8, GRND_NONBLOCK) = 8 <0.000039>
brk(NULL)                               = 0x55b7360fa000 <0.000037>
brk(0x55b73611b000)                     = 0x55b73611b000 <0.000043>
write(1, "hello world\n", 12)           = 12 <0.000101>
exit_group(0)                           = ?
+++ exited with 0 +++
